d:\projects\afs-a8-full\zjultrasound-tp\zjdopplermodule\debug\zjdopplermodule.pch
d:\projects\afs-a8-full\zjultrasound-tp\zjdopplermodule\debug\vc120.pdb
d:\projects\afs-a8-full\zjultrasound-tp\zjdopplermodule\debug\vc120.idb
d:\projects\afs-a8-full\zjultrasound-tp\zjdopplermodule\debug\stdafx.obj
d:\projects\afs-a8-full\zjultrasound-tp\zjdopplermodule\debug\doppleraudio.obj
d:\projects\afs-a8-full\zjultrasound-tp\zjdopplermodule\debug\zjdopplermodule.obj
d:\projects\afs-a8-full\zjultrasound-tp\zjdopplermodule\debug\gendopplerprocess.obj
d:\projects\afs-a8-full\zjultrasound-tp\zjdopplermodule\debug\wallfilterfir.obj
d:\projects\afs-a8-full\zjultrasound-tp\zjdopplermodule\debug\windowedsignal.obj
d:\projects\afs-a8-full\zjultrasound-tp\zjdopplermodule\debug\audioprocess.obj
d:\projects\afs-a8-full\zjultrasound-tp\zjdopplermodule\debug\waveout.obj
d:\projects\afs-a8-full\zjultrasound-tp\debug\zjdopplermodule.ilk
d:\projects\afs-a8-full\zjultrasound-tp\debug\zjdopplermodule.dll
d:\projects\afs-a8-full\zjultrasound-tp\debug\zjdopplermodule.pdb
d:\projects\afs-a8-full\zjultrasound-tp\zjdopplermodule\debug\zjdopplermodule.res
d:\projects\afs-a8-full\zjultrasound-tp\debug\zjdopplermodule.lib
d:\projects\afs-a8-full\zjultrasound-tp\debug\zjdopplermodule.exp
d:\projects\afs-a8-full\zjultrasound-tp\zjdopplermodule\debug\zjdopplermodule.tlog\cl.command.1.tlog
d:\projects\afs-a8-full\zjultrasound-tp\zjdopplermodule\debug\zjdopplermodule.tlog\cl.read.1.tlog
d:\projects\afs-a8-full\zjultrasound-tp\zjdopplermodule\debug\zjdopplermodule.tlog\cl.write.1.tlog
d:\projects\afs-a8-full\zjultrasound-tp\zjdopplermodule\debug\zjdopplermodule.tlog\link.command.1.tlog
d:\projects\afs-a8-full\zjultrasound-tp\zjdopplermodule\debug\zjdopplermodule.tlog\link.read.1.tlog
d:\projects\afs-a8-full\zjultrasound-tp\zjdopplermodule\debug\zjdopplermodule.tlog\link.write.1.tlog
d:\projects\afs-a8-full\zjultrasound-tp\zjdopplermodule\debug\zjdopplermodule.tlog\rc.command.1.tlog
d:\projects\afs-a8-full\zjultrasound-tp\zjdopplermodule\debug\zjdopplermodule.tlog\rc.read.1.tlog
d:\projects\afs-a8-full\zjultrasound-tp\zjdopplermodule\debug\zjdopplermodule.tlog\rc.write.1.tlog
d:\projects\afs-a8-full\zjultrasound-tp\zjdopplermodule\debug\zjdopplermodule.tlog\zjdopplermodule.write.1u.tlog
