d:\projects\afs-a8-full\zjultrasound-tp\zjdopplermodule\release\zjdopplermodule.pch
d:\projects\afs-a8-full\zjultrasound-tp\zjdopplermodule\release\stdafx.obj
d:\projects\afs-a8-full\zjultrasound-tp\zjdopplermodule\release\audioprocess.obj
d:\projects\afs-a8-full\zjultrasound-tp\zjdopplermodule\release\waveout.obj
d:\projects\afs-a8-full\zjultrasound-tp\zjdopplermodule\release\gendopplerprocess.obj
d:\projects\afs-a8-full\zjultrasound-tp\zjdopplermodule\release\windowedsignal.obj
d:\projects\afs-a8-full\zjultrasound-tp\zjdopplermodule\release\zjdopplermodule.obj
d:\projects\afs-a8-full\zjultrasound-tp\zjdopplermodule\release\doppleraudio.obj
d:\projects\afs-a8-full\zjultrasound-tp\zjdopplermodule\release\wallfilterfir.obj
d:\projects\afs-a8-full\zjultrasound-tp\release\zjdopplermodule.dll
d:\projects\afs-a8-full\zjultrasound-tp\zjdopplermodule\release\zjdopplermodule.dll.intermediate.manifest
d:\projects\afs-a8-full\zjultrasound-tp\zjdopplermodule\release\zjdopplermodule.res
d:\projects\afs-a8-full\zjultrasound-tp\release\zjdopplermodule.lib
d:\projects\afs-a8-full\zjultrasound-tp\release\zjdopplermodule.exp
d:\projects\afs-a8-full\zjultrasound-tp\zjdopplermodule\release\cl.1628.read.1.tlog
d:\projects\afs-a8-full\zjultrasound-tp\zjdopplermodule\release\cl.1628.write.1.tlog
d:\projects\afs-a8-full\zjultrasound-tp\zjdopplermodule\release\cl.6076.read.1.tlog
d:\projects\afs-a8-full\zjultrasound-tp\zjdopplermodule\release\cl.6076.write.1.tlog
d:\projects\afs-a8-full\zjultrasound-tp\zjdopplermodule\release\cl.6868.read.1.tlog
d:\projects\afs-a8-full\zjultrasound-tp\zjdopplermodule\release\cl.7252.read.1.tlog
d:\projects\afs-a8-full\zjultrasound-tp\zjdopplermodule\release\cl.7252.write.1.tlog
d:\projects\afs-a8-full\zjultrasound-tp\zjdopplermodule\release\cl.command.1.tlog
d:\projects\afs-a8-full\zjultrasound-tp\zjdopplermodule\release\cl.read.1.tlog
d:\projects\afs-a8-full\zjultrasound-tp\zjdopplermodule\release\cl.write.1.tlog
d:\projects\afs-a8-full\zjultrasound-tp\zjdopplermodule\release\link-cvtres.read.1.tlog
d:\projects\afs-a8-full\zjultrasound-tp\zjdopplermodule\release\link-cvtres.write.1.tlog
d:\projects\afs-a8-full\zjultrasound-tp\zjdopplermodule\release\link.command.1.tlog
d:\projects\afs-a8-full\zjultrasound-tp\zjdopplermodule\release\link.read.1.tlog
d:\projects\afs-a8-full\zjultrasound-tp\zjdopplermodule\release\link.write.1.tlog
d:\projects\afs-a8-full\zjultrasound-tp\zjdopplermodule\release\mt.command.1.tlog
d:\projects\afs-a8-full\zjultrasound-tp\zjdopplermodule\release\mt.read.1.tlog
d:\projects\afs-a8-full\zjultrasound-tp\zjdopplermodule\release\mt.write.1.tlog
d:\projects\afs-a8-full\zjultrasound-tp\zjdopplermodule\release\rc.command.1.tlog
d:\projects\afs-a8-full\zjultrasound-tp\zjdopplermodule\release\rc.read.1.tlog
d:\projects\afs-a8-full\zjultrasound-tp\zjdopplermodule\release\rc.write.1.tlog
d:\projects\afs-a8-full\zjultrasound-tp\zjdopplermodule\release\zjdopplermodule.write.1.tlog
